
 ===================================================================================================================================
 Bernese GNSS Software, Version 5.2
 -----------------------------------------------------------------------------------------------------------------------------------
 Program        : ADDNEQ2
 Purpose        : Combine normal equation systems
 -----------------------------------------------------------------------------------------------------------------------------------
 Campaign       : ${P}\EPKAOB2
 Default session: 2080 year 2016
 Date           : 30-Jun-2020 13:46:26
 User name      : Burhaneddin
 ===================================================================================================================================


 RNX2SNX_162080: Final coordinate/troposphere results
 -----------------------------------------------------------------------------------------------------------------------------------


 INPUT AND OUTPUT FILENAMES
 --------------------------

 -----------------------------------------------------------------------------------------------------------------------------------
 General constants               : ${X}/GEN\CONST.
 Geodetic datum                  : ${X}/GEN\DATUM.
 Satellite problems              : ${X}/GEN\SAT_2016.CRX
 Satellite information           : ${X}/GEN\SATELLIT.I14
 Phase center variations         : ${X}/GEN\PCV_COD.I14
 Receiver information            : ${X}/GEN\RECEIVER.
 Nutation model                  : ${X}/GEN\IAU2000R06.NUT
 Subdaily pole model             : ${X}/GEN\IERS2010XY.SUB
 Earth rotation parameters       :  ---
 GNSS satellite clocks           :  ---
 Clock RINEX file                :  ---
 Differential code biases        :  ---
 Inter-system biases             :  ---
 Station information             : ${P}\EPKAOB2\STA\EXAMPLE.STA
 Station coordinates             : ${P}\EPKAOB2\STA\APR162080.CRD
 Station velocities              :  ---
 Troposphere estimates           :  ---
 Ionosphere master file          :  ---
 Variance rescaling factors      :  ---
 SLR biases, CoM                 :  ---
 Geocenter coordinates           :  ---
 Var-covar w.r.t. coord.         :  ---
 Full var-covar matrix           :  ---
 Parameter estimates             :  ---
 SINEX general input file        : ${X}/GEN\SINEX.RNX2SNX
 IONEX control file              : ${X}/GEN\IONEX.
 Resulting normal equations      : ${P}\EPKAOB2\SOL\F1_162080.NQ0
 SINEX                           :  ---
 Station coordinate results      : ${P}\EPKAOB2\STA\F1_162080.CRD
 Station velocity results        :  ---
 Troposphere estimates           : ${P}\EPKAOB2\ATM\F1_162080.TRP
 Troposphere estimates (SINEX)   : ${P}\EPKAOB2\ATM\F1_162080.TRO
 Ionosphere models               :  ---
 IONEX                           :  ---
 Code bias results               :  ---
 Inter-system biases (output)    :  ---
 SLR biases, CoM (output)        :  ---
 Orbital elements                :  ---
 Bernese ERP file                :  ---
 IERS ERP file                   :  ---
 Geocenter coordinates           :  ---
 All parameter residuals         :  ---
 Variance rescaling factors      :  ---
 Antenna model results           :  ---
 Satellite clock file            :  ---
 clock RINEX file                :  ---
 Parameter estimate results      :  ---
 Weekly summary file             :  ---
 Station residuals               :  ---
 Program output                  : ${P}\EPKAOB2\OUT\F1_162080.OUT
 Error message                   : ${U}/WORK\ERROR.MSG
 Scratch file                    : ${U}/WORK\ADDNEQ2.SCR
 Session table                   : ${P}\EPKAOB2\STA\SESSIONS.SES
 -----------------------------------------------------------------------------------------------------------------------------------


 INPUT NORMAL EQUATION FILES
 ---------------------------

 -----------------------------------------------------------------------------------------------------------------------------------
 File  Name                             
 -----------------------------------------------------------------------------------------------------------------------------------
    1  ${P}\EPKAOB2\SOL\F1_2080264.NQ0  
 -----------------------------------------------------------------------------------------------------------------------------------


 Main characteristics of normal equation files:
 ---------------------------------------------

 File  From                 To                   Number of observations / parameters / degree of freedom
 -----------------------------------------------------------------------------------------------------------------------------------
    1  2016-07-26 00:00:00  2016-07-27 00:00:00                 247115          306       246809


 Number of parameters:
 --------------------

 Parameter type                                1
 -----------------------------------------------------------------------------------------------------------------------------------
 Station coordinates                          21
 Site-specific troposphere parameters        203
 -----------------------------------------------------------------------------------------------------------------------------------
 Total number of explicit parameters         224
 Total number of implicit parameters          82
 -----------------------------------------------------------------------------------------------------------------------------------
 Total number of adjusted parameters         306



 A PRIORI INFORMATION
 --------------------

 Number of parameters in combined NEQ less than:     1000

 A priori sigma of unit weight:                    0.0010 m


 Station coordinates and velocities:
 ----------------------------------

 Local geodetic datum:                      ${X}/GEN\DATUM.
 
 Datum name         Ell. param./ Scale      Shifts to WGS-84       Rotations to WGS-84
 -----------------------------------------------------------------------------------------------------------------------------------
 IGS14              A  =  6378137.000 m     DX =      0.0000 m     RX =     0.00000 arcsec
                    1/F=  298.2572221       DY =      0.0000 m     RY =     0.00000 arcsec
                    SC =  0.00000D+00       DZ =      0.0000 m     RZ =     0.00000 arcsec


 A priori station coordinates:              ${P}\EPKAOB2\STA\APR162080.CRD

                                            A priori station coordinates                 A priori station coordinates
                                                      IGS14                          Ellipsoidal in local geodetic datum
------------------------------------------------------------------------------------------------------------------------------------
 num  Station name     obs e/f/h        X (m)           Y (m)           Z (m)        Latitude       Longitude    Height (m)
------------------------------------------------------------------------------------------------------------------------------------
   1  OBJ1 14001M092    Y  HELMR   4243567.00434   2704027.40407   3908127.17311     38.0221973     32.5055418   1204.57959
   2  REF1 14001M090    Y  HELMR   4243518.19881   2703302.02499   3908682.53838     38.0285290     32.4988742   1207.22980
   3  REF2 REF2         Y  HELMR   4242829.72267   2704599.89563   3908471.96559     38.0263864     32.5155513   1169.57289
   4  REF3 REF3         Y  HELMR   4243560.22216   2704124.38018   3908055.16080     38.0214288     32.5065145   1196.77102
   5  REF4 REF4         Y  HELMR   4243857.45436   2705157.21836   3906968.93474     38.0092504     32.5146123   1162.60731
   6  REF5 14001M091    Y  HELMR   4244172.14865   2703935.77100   3907567.35031     38.0156664     32.5009594   1223.04329
   7  REF6 REF6         Y  HELMR   4243885.68634   2703794.60143   3907970.26064     38.0202867     32.5013563   1221.10696


 Network constraints: 

 Component                      A priori sigma  Unit
 -----------------------------------------------------------------------------------------------------------------------------------
 DX    Translation  Coordinates     0.00001     m
 DY    Translation  Coordinates     0.00001     m
 DZ    Translation  Coordinates     0.00001     m


 Site-specific troposphere parameters:        used in NEQ-files:     1 to     1
 ------------------------------------

 A priori troposphere model:                  GMF, dry part only
 Meteo/Trop.delay values:                     Extrapolated

 Mapping function used for delay estimation:  Wet GMF
 Troposphere gradient estimation:             Chen/Herring


 Component                      A priori sigma  Unit
 -----------------------------------------------------------------------------------------------------------------------------------
 U     absolute                     0.00000     m
 N     absolute                     0.00000     m
 E     absolute                     0.00000     m
 U     relative                     5.00000     m
 N     relative                     5.00000     m
 E     relative                     5.00000     m





 SUMMARY OF RESULTS
 ------------------

 Number of parameters:
 --------------------

 Parameter type                               Adjusted   explicitly / implicitly (pre-eliminated)        Deleted     Singular
 -----------------------------------------------------------------------------------------------------------------------------------
 Station coordinates / velocities                  21           21            0                               0            0
 Site-specific troposphere parameters              96           96            0                               0          107
 -----------------------------------------------------------------------------------------------------------------------------------
 Previously pre-eliminated parameters              82                        82
 -----------------------------------------------------------------------------------------------------------------------------------
 Total number                                     199          117           82                               0          107


 Statistics:                           
 ----------                            

 Total number of authentic observations      247115
 Total number of pseudo-observations             78

 Total number of explicit parameters            117
 Total number of implicit parameters             82

 Total number of observations                247193
 Total number of adjusted parameters            199
 Degree of freedom (DOF)                     246994

 A posteriori RMS of unit weight            0.00143 m
 Chi**2/DOF                                    2.04

 Total number of observation files                6
 Total number of stations                         7
 Total number of satellites                       0




 Station coordinates and velocities:
 ----------------------------------

 Sol Station name         Typ Correction  Estimated value  RMS error   A priori value Unit    From                To                  MJD           Num Abb  
 ------------------------------------------------------------------------------------------------------------------------------------------------------------
   1 OBJ1 14001M092         X    0.00532    4243567.00966    0.00104    4243567.00434 meters  2016-07-26 06:24:50 2016-07-26 15:44:30 57595.46157     1 #CRD 
   1 OBJ1 14001M092         Y   -0.00278    2704027.40129    0.00082    2704027.40407 meters  2016-07-26 06:24:50 2016-07-26 15:44:30 57595.46157     2 #CRD 
   1 OBJ1 14001M092         Z   -0.00034    3908127.17277    0.00089    3908127.17311 meters  2016-07-26 06:24:50 2016-07-26 15:44:30 57595.46157     3 #CRD 
   1 REF1 14001M090         X    0.00036    4243518.19917    0.00034    4243518.19881 meters  2016-07-26 06:24:50 2016-07-26 15:44:30 57595.46157     4 #CRD 
   1 REF1 14001M090         Y    0.00221    2703302.02720    0.00028    2703302.02499 meters  2016-07-26 06:24:50 2016-07-26 15:44:30 57595.46157     5 #CRD 
   1 REF1 14001M090         Z   -0.00050    3908682.53788    0.00032    3908682.53838 meters  2016-07-26 06:24:50 2016-07-26 15:44:30 57595.46157     6 #CRD 
   1 REF2 REF2              X   -0.00228    4242829.72039    0.00035    4242829.72267 meters  2016-07-26 06:24:50 2016-07-26 15:44:30 57595.46157     7 #CRD 
   1 REF2 REF2              Y   -0.00172    2704599.89391    0.00027    2704599.89563 meters  2016-07-26 06:24:50 2016-07-26 15:44:30 57595.46157     8 #CRD 
   1 REF2 REF2              Z   -0.00228    3908471.96331    0.00032    3908471.96559 meters  2016-07-26 06:24:50 2016-07-26 15:44:30 57595.46157     9 #CRD 
   1 REF3 REF3              X   -0.00227    4243560.21989    0.00034    4243560.22216 meters  2016-07-26 06:24:50 2016-07-26 15:44:30 57595.46157    10 #CRD 
   1 REF3 REF3              Y   -0.00145    2704124.37873    0.00025    2704124.38018 meters  2016-07-26 06:24:50 2016-07-26 15:44:30 57595.46157    11 #CRD 
   1 REF3 REF3              Z   -0.00197    3908055.15883    0.00029    3908055.16080 meters  2016-07-26 06:24:50 2016-07-26 15:44:30 57595.46157    12 #CRD 
   1 REF4 REF4              X   -0.00106    4243857.45330    0.00036    4243857.45436 meters  2016-07-26 06:24:50 2016-07-26 15:44:30 57595.46157    13 #CRD 
   1 REF4 REF4              Y   -0.00005    2705157.21831    0.00032    2705157.21836 meters  2016-07-26 06:24:50 2016-07-26 15:44:30 57595.46157    14 #CRD 
   1 REF4 REF4              Z    0.00169    3906968.93643    0.00035    3906968.93474 meters  2016-07-26 06:24:50 2016-07-26 15:44:30 57595.46157    15 #CRD 
   1 REF5 14001M091         X   -0.00020    4244172.14845    0.00034    4244172.14865 meters  2016-07-26 06:24:50 2016-07-26 15:44:30 57595.46157    16 #CRD 
   1 REF5 14001M091         Y    0.00189    2703935.77289    0.00025    2703935.77100 meters  2016-07-26 06:24:50 2016-07-26 15:44:30 57595.46157    17 #CRD 
   1 REF5 14001M091         Z    0.00143    3907567.35174    0.00031    3907567.35031 meters  2016-07-26 06:24:50 2016-07-26 15:44:30 57595.46157    18 #CRD 
   1 REF6 REF6              X    0.00014    4243885.68648    0.00033    4243885.68634 meters  2016-07-26 06:24:50 2016-07-26 15:44:30 57595.46157    19 #CRD 
   1 REF6 REF6              Y    0.00189    2703794.60332    0.00025    2703794.60143 meters  2016-07-26 06:24:50 2016-07-26 15:44:30 57595.46157    20 #CRD 
   1 REF6 REF6              Z    0.00197    3907970.26261    0.00028    3907970.26064 meters  2016-07-26 06:24:50 2016-07-26 15:44:30 57595.46157    21 #CRD 


 Site-specific troposphere parameters:
 ------------------------------------

 Station name         Typ     Correction  Estimated value  RMS error   A priori value Unit    From                To                  MJD           Num Abb  
 ------------------------------------------------------------------------------------------------------------------------------------------------------------
 OBJ1 14001M092         N       -0.65925         -0.65925    0.04975          0.00000 meters  2016-07-26 00:00:00                     57595.00000    22 #TRP 
 OBJ1 14001M092         E       -0.44027         -0.44027    0.05546          0.00000 meters  2016-07-26 00:00:00                     57595.00000    23 #TRP 
 OBJ1 14001M092         U       52.37013         54.37058    4.75946          2.00045 meters  2016-07-26 09:00:00                     57595.37500    24 #TRP 
 OBJ1 14001M092         U       47.95639         49.95685    4.54511          2.00045 meters  2016-07-26 10:00:00                     57595.41667    25 #TRP 
 OBJ1 14001M092         U       42.29376         44.29422    4.39025          2.00045 meters  2016-07-26 11:00:00                     57595.45833    26 #TRP 
 OBJ1 14001M092         U       38.95375         40.95420    4.27740          2.00045 meters  2016-07-26 12:00:00                     57595.50000    27 #TRP 
 OBJ1 14001M092         N        0.49771          0.49771    0.05870          0.00000 meters  2016-07-27 00:00:00                     57596.00000    28 #TRP 
 OBJ1 14001M092         E        0.28139          0.28139    0.06413          0.00000 meters  2016-07-27 00:00:00                     57596.00000    29 #TRP 
 REF1 14001M090         N       -0.64632         -0.64632    0.04956          0.00000 meters  2016-07-26 00:00:00                     57595.00000    30 #TRP 
 REF1 14001M090         E       -0.44985         -0.44985    0.05558          0.00000 meters  2016-07-26 00:00:00                     57595.00000    31 #TRP 
 REF1 14001M090         U       66.98515         68.98496    5.59568          1.99982 meters  2016-07-26 06:00:00                     57595.25000    32 #TRP 
 REF1 14001M090         U       59.35322         61.35304    5.23766          1.99982 meters  2016-07-26 07:00:00                     57595.29167    33 #TRP 
 REF1 14001M090         U       54.57147         56.57129    4.98325          1.99982 meters  2016-07-26 08:00:00                     57595.33333    34 #TRP 
 REF1 14001M090         U       52.37872         54.37854    4.75942          1.99982 meters  2016-07-26 09:00:00                     57595.37500    35 #TRP 
 REF1 14001M090         U       47.96547         49.96528    4.54515          1.99982 meters  2016-07-26 10:00:00                     57595.41667    36 #TRP 
 REF1 14001M090         U       42.30047         44.30028    4.39026          1.99982 meters  2016-07-26 11:00:00                     57595.45833    37 #TRP 
 REF1 14001M090         U       38.97242         40.97223    4.27742          1.99982 meters  2016-07-26 12:00:00                     57595.50000    38 #TRP 
 REF1 14001M090         U       33.23889         35.23871    4.21676          1.99982 meters  2016-07-26 13:00:00                     57595.54167    39 #TRP 
 REF1 14001M090         U       27.04185         29.04167    4.18084          1.99982 meters  2016-07-26 14:00:00                     57595.58333    40 #TRP 
 REF1 14001M090         U       25.07368         27.07350    4.23442          1.99982 meters  2016-07-26 15:00:00                     57595.62500    41 #TRP 
 REF1 14001M090         U       15.79426         17.79408    4.22844          1.99982 meters  2016-07-26 16:00:00                     57595.66667    42 #TRP 
 REF1 14001M090         N        0.49455          0.49455    0.05881          0.00000 meters  2016-07-27 00:00:00                     57596.00000    43 #TRP 
 REF1 14001M090         E        0.28385          0.28385    0.06410          0.00000 meters  2016-07-27 00:00:00                     57596.00000    44 #TRP 
 REF2 REF2              N       -0.65007         -0.65007    0.04962          0.00000 meters  2016-07-26 00:00:00                     57595.00000    45 #TRP 
 REF2 REF2              E       -0.42749         -0.42749    0.05534          0.00000 meters  2016-07-26 00:00:00                     57595.00000    46 #TRP 
 REF2 REF2              U       67.04972         69.05868    5.59564          2.00896 meters  2016-07-26 06:00:00                     57595.25000    47 #TRP 
 REF2 REF2              U       59.35464         61.36360    5.23774          2.00896 meters  2016-07-26 07:00:00                     57595.29167    48 #TRP 
 REF2 REF2              U       54.56781         56.57677    4.98331          2.00896 meters  2016-07-26 08:00:00                     57595.33333    49 #TRP 
 REF2 REF2              U       52.37863         54.38759    4.75946          2.00896 meters  2016-07-26 09:00:00                     57595.37500    50 #TRP 
 REF2 REF2              U       47.96222         49.97118    4.54517          2.00896 meters  2016-07-26 10:00:00                     57595.41667    51 #TRP 
 REF2 REF2              U       42.30173         44.31069    4.39030          2.00896 meters  2016-07-26 11:00:00                     57595.45833    52 #TRP 
 REF2 REF2              U       38.97057         40.97953    4.27746          2.00896 meters  2016-07-26 12:00:00                     57595.50000    53 #TRP 
 REF2 REF2              U       33.23324         35.24220    4.21682          2.00896 meters  2016-07-26 13:00:00                     57595.54167    54 #TRP 
 REF2 REF2              U       27.03374         29.04270    4.18087          2.00896 meters  2016-07-26 14:00:00                     57595.58333    55 #TRP 
 REF2 REF2              U       25.06889         27.07784    4.23448          2.00896 meters  2016-07-26 15:00:00                     57595.62500    56 #TRP 
 REF2 REF2              U       15.79059         17.79955    4.22853          2.00896 meters  2016-07-26 16:00:00                     57595.66667    57 #TRP 
 REF2 REF2              N        0.49376          0.49376    0.05878          0.00000 meters  2016-07-27 00:00:00                     57596.00000    58 #TRP 
 REF2 REF2              E        0.28150          0.28150    0.06419          0.00000 meters  2016-07-27 00:00:00                     57596.00000    59 #TRP 
 REF3 REF3              N       -0.65990         -0.65990    0.04978          0.00000 meters  2016-07-26 00:00:00                     57595.00000    60 #TRP 
 REF3 REF3              E       -0.43815         -0.43815    0.05545          0.00000 meters  2016-07-26 00:00:00                     57595.00000    61 #TRP 
 REF3 REF3              U       59.35574         61.35809    5.23770          2.00235 meters  2016-07-26 07:00:00                     57595.29167    62 #TRP 
 REF3 REF3              U       54.57091         56.57325    4.98327          2.00235 meters  2016-07-26 08:00:00                     57595.33333    63 #TRP 
 REF3 REF3              U       52.37508         54.37743    4.75943          2.00235 meters  2016-07-26 09:00:00                     57595.37500    64 #TRP 
 REF3 REF3              U       47.96215         49.96450    4.54512          2.00235 meters  2016-07-26 10:00:00                     57595.41667    65 #TRP 
 REF3 REF3              U       42.30311         44.30545    4.39026          2.00235 meters  2016-07-26 11:00:00                     57595.45833    66 #TRP 
 REF3 REF3              U       38.96986         40.97221    4.27741          2.00235 meters  2016-07-26 12:00:00                     57595.50000    67 #TRP 
 REF3 REF3              U       33.23636         35.23871    4.21675          2.00235 meters  2016-07-26 13:00:00                     57595.54167    68 #TRP 
 REF3 REF3              U       27.04406         29.04641    4.18084          2.00235 meters  2016-07-26 14:00:00                     57595.58333    69 #TRP 
 REF3 REF3              U       25.07234         27.07468    4.23440          2.00235 meters  2016-07-26 15:00:00                     57595.62500    70 #TRP 
 REF3 REF3              U       15.79438         17.79673    4.22845          2.00235 meters  2016-07-26 16:00:00                     57595.66667    71 #TRP 
 REF3 REF3              N        0.49719          0.49719    0.05868          0.00000 meters  2016-07-27 00:00:00                     57596.00000    72 #TRP 
 REF3 REF3              E        0.28077          0.28077    0.06413          0.00000 meters  2016-07-27 00:00:00                     57596.00000    73 #TRP 
 REF4 REF4              N       -0.68001         -0.68001    0.05019          0.00000 meters  2016-07-26 00:00:00                     57595.00000    74 #TRP 
 REF4 REF4              E       -0.42669         -0.42669    0.05532          0.00000 meters  2016-07-26 00:00:00                     57595.00000    75 #TRP 
 REF4 REF4              U       67.04542         69.05607    5.59586          2.01065 meters  2016-07-26 06:00:00                     57595.25000    76 #TRP 
 REF4 REF4              U       59.35395         61.36459    5.23777          2.01065 meters  2016-07-26 07:00:00                     57595.29167    77 #TRP 
 REF4 REF4              U       54.57224         56.58289    4.98332          2.01065 meters  2016-07-26 08:00:00                     57595.33333    78 #TRP 
 REF4 REF4              U       52.37496         54.38561    4.75946          2.01065 meters  2016-07-26 09:00:00                     57595.37500    79 #TRP 
 REF4 REF4              U       47.96189         49.97254    4.54514          2.01065 meters  2016-07-26 10:00:00                     57595.41667    80 #TRP 
 REF4 REF4              U       42.30088         44.31153    4.39028          2.01065 meters  2016-07-26 11:00:00                     57595.45833    81 #TRP 
 REF4 REF4              U       38.96653         40.97718    4.27742          2.01065 meters  2016-07-26 12:00:00                     57595.50000    82 #TRP 
 REF4 REF4              U       33.23255         35.24320    4.21678          2.01065 meters  2016-07-26 13:00:00                     57595.54167    83 #TRP 
 REF4 REF4              U       27.03583         29.04648    4.18086          2.01065 meters  2016-07-26 14:00:00                     57595.58333    84 #TRP 
 REF4 REF4              U       25.06786         27.07851    4.23439          2.01065 meters  2016-07-26 15:00:00                     57595.62500    85 #TRP 
 REF4 REF4              U       15.78231         17.79296    4.22840          2.01065 meters  2016-07-26 16:00:00                     57595.66667    86 #TRP 
 REF4 REF4              N        0.50052          0.50052    0.05847          0.00000 meters  2016-07-27 00:00:00                     57596.00000    87 #TRP 
 REF4 REF4              E        0.27842          0.27842    0.06416          0.00000 meters  2016-07-27 00:00:00                     57596.00000    88 #TRP 
 REF5 14001M091         N       -0.67019         -0.67019    0.04997          0.00000 meters  2016-07-26 00:00:00                     57595.00000    89 #TRP 
 REF5 14001M091         E       -0.44730         -0.44730    0.05552          0.00000 meters  2016-07-26 00:00:00                     57595.00000    90 #TRP 
 REF5 14001M091         U       59.35168         61.34766    5.23765          1.99598 meters  2016-07-26 07:00:00                     57595.29167    91 #TRP 
 REF5 14001M091         U       54.56602         56.56199    4.98323          1.99598 meters  2016-07-26 08:00:00                     57595.33333    92 #TRP 
 REF5 14001M091         U       52.37475         54.37073    4.75940          1.99598 meters  2016-07-26 09:00:00                     57595.37500    93 #TRP 
 REF5 14001M091         U       47.96325         49.95923    4.54506          1.99598 meters  2016-07-26 10:00:00                     57595.41667    94 #TRP 
 REF5 14001M091         U       42.29996         44.29593    4.39021          1.99598 meters  2016-07-26 11:00:00                     57595.45833    95 #TRP 
 REF5 14001M091         U       38.96329         40.95927    4.27735          1.99598 meters  2016-07-26 12:00:00                     57595.50000    96 #TRP 
 REF5 14001M091         U       33.23611         35.23209    4.21669          1.99598 meters  2016-07-26 13:00:00                     57595.54167    97 #TRP 
 REF5 14001M091         U       27.03428         29.03025    4.18079          1.99598 meters  2016-07-26 14:00:00                     57595.58333    98 #TRP 
 REF5 14001M091         U       25.07159         27.06756    4.23431          1.99598 meters  2016-07-26 15:00:00                     57595.62500    99 #TRP 
 REF5 14001M091         U       15.78297         17.77894    4.22839          1.99598 meters  2016-07-26 16:00:00                     57595.66667   100 #TRP 
 REF5 14001M091         N        0.49908          0.49908    0.05857          0.00000 meters  2016-07-27 00:00:00                     57596.00000   101 #TRP 
 REF5 14001M091         E        0.28361          0.28361    0.06409          0.00000 meters  2016-07-27 00:00:00                     57596.00000   102 #TRP 
 REF6 REF6              N       -0.66088         -0.66088    0.04981          0.00000 meters  2016-07-26 00:00:00                     57595.00000   103 #TRP 
 REF6 REF6              E       -0.44537         -0.44537    0.05552          0.00000 meters  2016-07-26 00:00:00                     57595.00000   104 #TRP 
 REF6 REF6              U       67.03302         69.02947    5.59570          1.99645 meters  2016-07-26 06:00:00                     57595.25000   105 #TRP 
 REF6 REF6              U       59.35174         61.34819    5.23766          1.99645 meters  2016-07-26 07:00:00                     57595.29167   106 #TRP 
 REF6 REF6              U       54.56891         56.56535    4.98324          1.99645 meters  2016-07-26 08:00:00                     57595.33333   107 #TRP 
 REF6 REF6              U       52.37597         54.37242    4.75940          1.99645 meters  2016-07-26 09:00:00                     57595.37500   108 #TRP 
 REF6 REF6              U       47.96396         49.96041    4.54509          1.99645 meters  2016-07-26 10:00:00                     57595.41667   109 #TRP 
 REF6 REF6              U       42.30240         44.29885    4.39023          1.99645 meters  2016-07-26 11:00:00                     57595.45833   110 #TRP 
 REF6 REF6              U       38.96706         40.96351    4.27737          1.99645 meters  2016-07-26 12:00:00                     57595.50000   111 #TRP 
 REF6 REF6              U       33.23785         35.23430    4.21671          1.99645 meters  2016-07-26 13:00:00                     57595.54167   112 #TRP 
 REF6 REF6              U       27.03849         29.03493    4.18081          1.99645 meters  2016-07-26 14:00:00                     57595.58333   113 #TRP 
 REF6 REF6              U       25.06984         27.06629    4.23435          1.99645 meters  2016-07-26 15:00:00                     57595.62500   114 #TRP 
 REF6 REF6              U       15.78498         17.78142    4.22839          1.99645 meters  2016-07-26 16:00:00                     57595.66667   115 #TRP 
 REF6 REF6              N        0.49678          0.49678    0.05865          0.00000 meters  2016-07-27 00:00:00                     57596.00000   116 #TRP 
 REF6 REF6              E        0.28267          0.28267    0.06410          0.00000 meters  2016-07-27 00:00:00                     57596.00000   117 #TRP 


 Station coordinates and velocities:
 ----------------------------------
 Reference epoch: 2016-07-27 12:00:00

 Station name          Typ   A priori value  Estimated value    Correction     RMS error      3-D ellipsoid        2-D ellipse
 ------------------------------------------------------------------------------------------------------------------------------------
 OBJ1 14001M092        X      4243567.00434    4243567.00966       0.00532       0.00104
                       Y      2704027.40407    2704027.40129      -0.00278       0.00082
                       Z      3908127.17311    3908127.17277      -0.00034       0.00089

                       U         1204.57959       1204.58174       0.00214       0.00152     0.00153    5.7
                       N         38.0221973       38.0221972      -0.00212       0.00039     0.00026   54.9     0.00026   54.8
                       E         32.5055418       32.5055417      -0.00519       0.00033     0.00041    0.0     0.00044

 REF1 14001M090        X      4243518.19881    4243518.19917       0.00036       0.00034
                       Y      2703302.02499    2703302.02720       0.00221       0.00028
                       Z      3908682.53838    3908682.53788      -0.00050       0.00032

                       U         1207.22980       1207.23067       0.00087       0.00048     0.00049    3.9
                       N         38.0285290       38.0285290      -0.00131       0.00020     0.00011   55.6     0.00011   55.8
                       E         32.4988742       32.4988742       0.00167       0.00016     0.00022    0.8     0.00023

 REF2 REF2             X      4242829.72267    4242829.72039      -0.00228       0.00035
                       Y      2704599.89563    2704599.89391      -0.00172       0.00027
                       Z      3908471.96559    3908471.96331      -0.00228       0.00032

                       U         1169.57289       1169.56925      -0.00364       0.00049     0.00049    4.4
                       N         38.0263864       38.0263864      -0.00004       0.00017     0.00012  136.2     0.00013  137.1
                       E         32.5155513       32.5155513      -0.00022       0.00018     0.00021   -1.4     0.00021

 REF3 REF3             X      4243560.22216    4243560.21989      -0.00227       0.00034
                       Y      2704124.38018    2704124.37873      -0.00145       0.00025
                       Z      3908055.16080    3908055.15883      -0.00197       0.00029

                       U         1196.77102       1196.76769      -0.00334       0.00048     0.00049    4.6
                       N         38.0214288       38.0214288       0.00011       0.00014     0.00011   78.6     0.00011   77.4
                       E         32.5065145       32.5065145       0.00000       0.00011     0.00013   -0.5     0.00014

 REF4 REF4             X      4243857.45436    4243857.45330      -0.00106       0.00036
                       Y      2705157.21836    2705157.21831      -0.00005       0.00032
                       Z      3906968.93474    3906968.93643       0.00169       0.00035

                       U         1162.60731       1162.60763       0.00031       0.00051     0.00051    7.0
                       N         38.0092504       38.0092504       0.00190       0.00026     0.00011   61.1     0.00011   61.2
                       E         32.5146123       32.5146123       0.00053       0.00017     0.00029    0.4     0.00029

 REF5 14001M091        X      4244172.14865    4244172.14845      -0.00020       0.00034
                       Y      2703935.77100    2703935.77289       0.00189       0.00025
                       Z      3907567.35031    3907567.35174       0.00143       0.00031

                       U         1223.04329       1223.04483       0.00155       0.00048     0.00048    3.4
                       N         38.0156664       38.0156664       0.00061       0.00015     0.00012  124.3     0.00012  123.8
                       E         32.5009594       32.5009594       0.00170       0.00013     0.00016    0.4     0.00016

 REF6 REF6             X      4243885.68634    4243885.68648       0.00014       0.00033
                       Y      2703794.60143    2703794.60332       0.00189       0.00025
                       Z      3907970.26064    3907970.26261       0.00197       0.00028

                       U         1221.10696       1221.10906       0.00210       0.00047     0.00047    5.1
                       N         38.0202867       38.0202867       0.00085       0.00013     0.00012   30.9     0.00012   46.0
                       E         32.5013563       32.5013564       0.00152       0.00013     0.00013    2.7     0.00014



 Troposphere parameters:
 -----------------------

 Reference elevation angle of gradient terms :   45.0 degrees
 Minimum elevation angle                     :      3 degrees
 Mapping factor at minimum elevation angle   :   19.1

                         Corrections (m)             RMS errors (m)             Zenith vector (")         Error ellipse (m)   
 Station name        North    East    Zenith     North    East    Zenith     Angle   RMS   Ratio  Azi   Max RMS  Min RMS  Azi 
 ----------------------------------------------------------------------------------------------------------------------------
 OBJ1 14001M092    -0.22539 -0.16965 52.37013   0.01567  0.01583  4.75946                               0.01657  0.01488   48 
 OBJ1 14001M092    -0.17718 -0.13958 47.95639   0.01378  0.01321  4.54511                               0.01428  0.01268   35 
 OBJ1 14001M092    -0.12898 -0.10951 42.29376   0.01314  0.01210  4.39025                               0.01348  0.01173   27 
 OBJ1 14001M092    -0.08077 -0.07944 38.95375   0.01393  0.01287  4.27740                               0.01427  0.01250   27 
 REF1 14001M090    -0.36110 -0.26642 66.98515   0.02525  0.02772  5.59568                               0.02824  0.02467   67 
 REF1 14001M090    -0.31357 -0.23585 59.35322   0.02165  0.02342  5.23766                               0.02393  0.02109   64 
 REF1 14001M090    -0.26603 -0.20528 54.57147   0.01838  0.01940  4.98325                               0.01995  0.01779   59 
 REF1 14001M090    -0.21849 -0.17471 52.37872   0.01567  0.01588  4.75942                               0.01657  0.01493   49 
 REF1 14001M090    -0.17096 -0.14414 47.96547   0.01384  0.01324  4.54515                               0.01429  0.01275   33 
 REF1 14001M090    -0.12342 -0.11357 42.30047   0.01326  0.01209  4.39026                               0.01353  0.01178   24 
 REF1 14001M090    -0.07588 -0.08300 38.97242   0.01409  0.01284  4.27742                               0.01435  0.01254   23 
 REF1 14001M090    -0.02835 -0.05243 33.23889   0.01610  0.01521  4.21676                               0.01649  0.01479   29 
 REF1 14001M090     0.01919 -0.02186 27.04185   0.01894  0.01858  4.18084                               0.01960  0.01788   39 
 REF1 14001M090     0.06673  0.00871 25.07368   0.02227  0.02251  4.23442                               0.02336  0.02138   48 
 REF1 14001M090     0.11426  0.03929 15.79426   0.02592  0.02676  4.22844                               0.02754  0.02510   55 
 REF2 REF2         -0.36411 -0.25024 67.04972   0.02528  0.02755  5.59564                               0.02805  0.02473   67 
 REF2 REF2         -0.31645 -0.22070 59.35464   0.02167  0.02327  5.23774                               0.02377  0.02111   64 
 REF2 REF2         -0.26879 -0.19116 54.56781   0.01839  0.01928  4.98331                               0.01984  0.01778   58 
 REF2 REF2         -0.22113 -0.16162 52.37863   0.01566  0.01579  4.75946                               0.01654  0.01487   47 
 REF2 REF2         -0.17347 -0.13208 47.96222   0.01382  0.01321  4.54517                               0.01433  0.01265   34 
 REF2 REF2         -0.12581 -0.10253 42.30173   0.01322  0.01214  4.39030                               0.01361  0.01170   28 
 REF2 REF2         -0.07815 -0.07299 38.97057   0.01404  0.01295  4.27746                               0.01446  0.01247   28 
 REF2 REF2         -0.03049 -0.04345 33.23324   0.01605  0.01535  4.21682                               0.01665  0.01469   35 
 REF2 REF2          0.01717 -0.01391 27.03374   0.01888  0.01873  4.18087                               0.01982  0.01774   43 
 REF2 REF2          0.06483  0.01563 25.06889   0.02222  0.02267  4.23448                               0.02361  0.02122   50 
 REF2 REF2          0.11248  0.04517 15.79059   0.02587  0.02691  4.22853                               0.02779  0.02493   56 
 REF3 REF3         -0.32242 -0.22847 59.35574   0.02174  0.02334  5.23770                               0.02389  0.02113   63 
 REF3 REF3         -0.27420 -0.19851 54.57091   0.01844  0.01933  4.98327                               0.01993  0.01779   57 
 REF3 REF3         -0.22599 -0.16855 52.37508   0.01568  0.01582  4.75943                               0.01657  0.01488   47 
 REF3 REF3         -0.17778 -0.13860 47.96215   0.01378  0.01321  4.54512                               0.01428  0.01267   35 
 REF3 REF3         -0.12957 -0.10864 42.30311   0.01313  0.01210  4.39026                               0.01347  0.01172   27 
 REF3 REF3         -0.08135 -0.07869 38.96986   0.01391  0.01288  4.27741                               0.01426  0.01249   27 
 REF3 REF3         -0.03314 -0.04873 33.23636   0.01590  0.01526  4.21675                               0.01641  0.01471   34 
 REF3 REF3          0.01507 -0.01878 27.04406   0.01873  0.01864  4.18084                               0.01956  0.01777   44 
 REF3 REF3          0.06328  0.01118 25.07234   0.02207  0.02258  4.23440                               0.02337  0.02123   52 
 REF3 REF3          0.11149  0.04113 15.79438   0.02573  0.02683  4.22845                               0.02757  0.02493   57 
 REF4 REF4         -0.38487 -0.25042 67.04542   0.02564  0.02754  5.59586                               0.02817  0.02495   63 
 REF4 REF4         -0.33568 -0.22104 59.35395   0.02196  0.02326  5.23777                               0.02389  0.02128   60 
 REF4 REF4         -0.28650 -0.19166 54.57224   0.01859  0.01927  4.98332                               0.01995  0.01787   55 
 REF4 REF4         -0.23731 -0.16228 52.37496   0.01575  0.01578  4.75946                               0.01660  0.01488   46 
 REF4 REF4         -0.18812 -0.13290 47.96189   0.01374  0.01320  4.54514                               0.01427  0.01264   35 
 REF4 REF4         -0.13893 -0.10352 42.30088   0.01298  0.01213  4.39028                               0.01337  0.01169   30 
 REF4 REF4         -0.08974 -0.07414 38.96653   0.01366  0.01294  4.27742                               0.01410  0.01245   32 
 REF4 REF4         -0.04055 -0.04476 33.23255   0.01560  0.01533  4.21678                               0.01626  0.01463   40 
 REF4 REF4          0.00864 -0.01538 27.03583   0.01841  0.01872  4.18086                               0.01947  0.01761   50 
 REF4 REF4          0.05782  0.01400 25.06786   0.02175  0.02265  4.23439                               0.02332  0.02103   57 
 REF4 REF4          0.10701  0.04338 15.78231   0.02541  0.02690  4.22840                               0.02755  0.02470   61 
 REF5 14001M091    -0.32915 -0.23412 59.35168   0.02184  0.02339  5.23765                               0.02400  0.02116   62 
 REF5 14001M091    -0.28043 -0.20366 54.56602   0.01851  0.01937  4.98323                               0.02002  0.01780   56 
 REF5 14001M091    -0.23171 -0.17321 52.37475   0.01570  0.01585  4.75940                               0.01663  0.01488   47 
 REF5 14001M091    -0.18299 -0.14275 47.96325   0.01375  0.01322  4.54506                               0.01426  0.01267   35 
 REF5 14001M091    -0.13427 -0.11230 42.29996   0.01305  0.01209  4.39021                               0.01338  0.01173   27 
 REF5 14001M091    -0.08556 -0.08184 38.96329   0.01378  0.01285  4.27735                               0.01410  0.01250   27 
 REF5 14001M091    -0.03684 -0.05139 33.23611   0.01575  0.01522  4.21669                               0.01622  0.01472   35 
 REF5 14001M091     0.01188 -0.02094 27.03428   0.01857  0.01860  4.18079                               0.01937  0.01776   46 
 REF5 14001M091     0.06060  0.00952 25.07159   0.02191  0.02253  4.23431                               0.02320  0.02120   54 
 REF5 14001M091     0.10932  0.03997 15.78297   0.02557  0.02678  4.22839                               0.02742  0.02488   59 
 REF6 REF6         -0.37147 -0.26336 67.03302   0.02540  0.02768  5.59570                               0.02826  0.02475   65 
 REF6 REF6         -0.32323 -0.23303 59.35174   0.02176  0.02339  5.23766                               0.02396  0.02113   63 
 REF6 REF6         -0.27499 -0.20269 54.56891   0.01845  0.01937  4.98324                               0.01998  0.01779   57 
 REF6 REF6         -0.22676 -0.17236 52.37597   0.01568  0.01585  4.75940                               0.01660  0.01489   48 
 REF6 REF6         -0.17852 -0.14202 47.96396   0.01377  0.01323  4.54509                               0.01427  0.01269   35 
 REF6 REF6         -0.13029 -0.11169 42.30240   0.01312  0.01209  4.39023                               0.01343  0.01174   26 
 REF6 REF6         -0.08205 -0.08135 38.96706   0.01388  0.01285  4.27737                               0.01419  0.01251   26 
 REF6 REF6         -0.03382 -0.05102 33.23785   0.01587  0.01522  4.21671                               0.01632  0.01474   33 
 REF6 REF6          0.01442 -0.02068 27.03849   0.01870  0.01860  4.18081                               0.01946  0.01779   43 
 REF6 REF6          0.06266  0.00965 25.06984   0.02204  0.02253  4.23435                               0.02327  0.02126   52 
 REF6 REF6          0.11089  0.03999 15.78498   0.02569  0.02678  4.22839                               0.02747  0.02495   58 


-----------------------------------------------------------------
>>> CPU/Real time for pgm "ADDNEQ2": 0:00:00.000 / 0:00:00.112
>>> Program finished successfully

