
 ===================================================================================================================================
 Bernese GNSS Software, Version 5.2
 -----------------------------------------------------------------------------------------------------------------------------------
 Program        : ADDNEQ2
 Purpose        : Combine normal equation systems
 -----------------------------------------------------------------------------------------------------------------------------------
 Campaign       : ${P}\EPKAOB1
 Default session: 2080 year 2016
 Date           : 30-Jun-2020 13:12:42
 User name      : Burhaneddin
 ===================================================================================================================================


 RNX2SNX_162080: Final coordinate/troposphere results
 -----------------------------------------------------------------------------------------------------------------------------------


 INPUT AND OUTPUT FILENAMES
 --------------------------

 -----------------------------------------------------------------------------------------------------------------------------------
 General constants               : ${X}/GEN\CONST.
 Geodetic datum                  : ${X}/GEN\DATUM.
 Satellite problems              : ${X}/GEN\SAT_2016.CRX
 Satellite information           : ${X}/GEN\SATELLIT.I14
 Phase center variations         : ${X}/GEN\PCV_COD.I14
 Receiver information            : ${X}/GEN\RECEIVER.
 Nutation model                  : ${X}/GEN\IAU2000R06.NUT
 Subdaily pole model             : ${X}/GEN\IERS2010XY.SUB
 Earth rotation parameters       :  ---
 GNSS satellite clocks           :  ---
 Clock RINEX file                :  ---
 Differential code biases        :  ---
 Inter-system biases             :  ---
 Station information             : ${P}\EPKAOB1\STA\EXAMPLE.STA
 Station coordinates             : ${P}\EPKAOB1\STA\APR162080.CRD
 Station velocities              :  ---
 Troposphere estimates           :  ---
 Ionosphere master file          :  ---
 Variance rescaling factors      :  ---
 SLR biases, CoM                 :  ---
 Geocenter coordinates           :  ---
 Var-covar w.r.t. coord.         :  ---
 Full var-covar matrix           :  ---
 Parameter estimates             :  ---
 SINEX general input file        : ${X}/GEN\SINEX.RNX2SNX
 IONEX control file              : ${X}/GEN\IONEX.
 Resulting normal equations      : ${P}\EPKAOB1\SOL\F1_162080.NQ0
 SINEX                           :  ---
 Station coordinate results      : ${P}\EPKAOB1\STA\F1_162080.CRD
 Station velocity results        :  ---
 Troposphere estimates           : ${P}\EPKAOB1\ATM\F1_162080.TRP
 Troposphere estimates (SINEX)   : ${P}\EPKAOB1\ATM\F1_162080.TRO
 Ionosphere models               :  ---
 IONEX                           :  ---
 Code bias results               :  ---
 Inter-system biases (output)    :  ---
 SLR biases, CoM (output)        :  ---
 Orbital elements                :  ---
 Bernese ERP file                :  ---
 IERS ERP file                   :  ---
 Geocenter coordinates           :  ---
 All parameter residuals         :  ---
 Variance rescaling factors      :  ---
 Antenna model results           :  ---
 Satellite clock file            :  ---
 clock RINEX file                :  ---
 Parameter estimate results      :  ---
 Weekly summary file             :  ---
 Station residuals               :  ---
 Program output                  : ${P}\EPKAOB1\OUT\F1_162080.OUT
 Error message                   : ${U}/WORK\ERROR.MSG
 Scratch file                    : ${U}/WORK\ADDNEQ2.SCR
 Session table                   : ${P}\EPKAOB1\STA\SESSIONS.SES
 -----------------------------------------------------------------------------------------------------------------------------------


 INPUT NORMAL EQUATION FILES
 ---------------------------

 -----------------------------------------------------------------------------------------------------------------------------------
 File  Name                             
 -----------------------------------------------------------------------------------------------------------------------------------
    1  ${P}\EPKAOB1\SOL\F1_2080264.NQ0  
 -----------------------------------------------------------------------------------------------------------------------------------


 Main characteristics of normal equation files:
 ---------------------------------------------

 File  From                 To                   Number of observations / parameters / degree of freedom
 -----------------------------------------------------------------------------------------------------------------------------------
    1  2016-07-26 00:00:00  2016-07-27 00:00:00                 245489          308       245181


 Number of parameters:
 --------------------

 Parameter type                                1
 -----------------------------------------------------------------------------------------------------------------------------------
 Station coordinates                          21
 Site-specific troposphere parameters        203
 -----------------------------------------------------------------------------------------------------------------------------------
 Total number of explicit parameters         224
 Total number of implicit parameters          84
 -----------------------------------------------------------------------------------------------------------------------------------
 Total number of adjusted parameters         308



 A PRIORI INFORMATION
 --------------------

 Number of parameters in combined NEQ less than:     1000

 A priori sigma of unit weight:                    0.0010 m


 Station coordinates and velocities:
 ----------------------------------

 Local geodetic datum:                      ${X}/GEN\DATUM.
 
 Datum name         Ell. param./ Scale      Shifts to WGS-84       Rotations to WGS-84
 -----------------------------------------------------------------------------------------------------------------------------------
 IGS14              A  =  6378137.000 m     DX =      0.0000 m     RX =     0.00000 arcsec
                    1/F=  298.2572221       DY =      0.0000 m     RY =     0.00000 arcsec
                    SC =  0.00000D+00       DZ =      0.0000 m     RZ =     0.00000 arcsec


 A priori station coordinates:              ${P}\EPKAOB1\STA\APR162080.CRD

                                            A priori station coordinates                 A priori station coordinates
                                                      IGS14                          Ellipsoidal in local geodetic datum
------------------------------------------------------------------------------------------------------------------------------------
 num  Station name     obs e/f/h        X (m)           Y (m)           Z (m)        Latitude       Longitude    Height (m)
------------------------------------------------------------------------------------------------------------------------------------
   1  OBJ1 14001M092    Y  HELMR   4243567.00434   2704027.40407   3908127.17311     38.0221973     32.5055418   1204.57959
   2  REF1 14001M090    Y  HELMR   4243518.19881   2703302.02499   3908682.53838     38.0285290     32.4988742   1207.22980
   3  REF2 REF2         Y  HELMR   4242829.72267   2704599.89563   3908471.96559     38.0263864     32.5155513   1169.57289
   4  REF3 REF3         Y  HELMR   4243560.22216   2704124.38018   3908055.16080     38.0214288     32.5065145   1196.77102
   5  REF4 REF4         Y  HELMR   4243857.45436   2705157.21836   3906968.93474     38.0092504     32.5146123   1162.60731
   6  REF5 14001M091    Y  HELMR   4244172.14865   2703935.77100   3907567.35031     38.0156664     32.5009594   1223.04329
   7  REF6 REF6         Y  HELMR   4243885.68634   2703794.60143   3907970.26064     38.0202867     32.5013563   1221.10696


 Network constraints: 

 Component                      A priori sigma  Unit
 -----------------------------------------------------------------------------------------------------------------------------------
 DX    Translation  Coordinates     0.00001     m
 DY    Translation  Coordinates     0.00001     m
 DZ    Translation  Coordinates     0.00001     m


 Site-specific troposphere parameters:        used in NEQ-files:     1 to     1
 ------------------------------------

 A priori troposphere model:                  GMF, dry part only
 Meteo/Trop.delay values:                     Extrapolated

 Mapping function used for delay estimation:  Wet GMF
 Troposphere gradient estimation:             Chen/Herring


 Component                      A priori sigma  Unit
 -----------------------------------------------------------------------------------------------------------------------------------
 U     absolute                     0.00000     m
 N     absolute                     0.00000     m
 E     absolute                     0.00000     m
 U     relative                     5.00000     m
 N     relative                     5.00000     m
 E     relative                     5.00000     m





 SUMMARY OF RESULTS
 ------------------

 Number of parameters:
 --------------------

 Parameter type                               Adjusted   explicitly / implicitly (pre-eliminated)        Deleted     Singular
 -----------------------------------------------------------------------------------------------------------------------------------
 Station coordinates / velocities                  21           21            0                               0            0
 Site-specific troposphere parameters              96           96            0                               0          107
 -----------------------------------------------------------------------------------------------------------------------------------
 Previously pre-eliminated parameters              84                        84
 -----------------------------------------------------------------------------------------------------------------------------------
 Total number                                     201          117           84                               0          107


 Statistics:                           
 ----------                            

 Total number of authentic observations      245489
 Total number of pseudo-observations             78

 Total number of explicit parameters            117
 Total number of implicit parameters             84

 Total number of observations                245567
 Total number of adjusted parameters            201
 Degree of freedom (DOF)                     245366

 A posteriori RMS of unit weight            0.00143 m
 Chi**2/DOF                                    2.04

 Total number of observation files                6
 Total number of stations                         7
 Total number of satellites                       0




 Station coordinates and velocities:
 ----------------------------------

 Sol Station name         Typ Correction  Estimated value  RMS error   A priori value Unit    From                To                  MJD           Num Abb  
 ------------------------------------------------------------------------------------------------------------------------------------------------------------
   1 OBJ1 14001M092         X   -0.00003    4243567.00431    0.00172    4243567.00434 meters  2016-07-26 06:24:50 2016-07-26 15:44:30 57595.46157     1 #CRD 
   1 OBJ1 14001M092         Y    0.00000    2704027.40407    0.00088    2704027.40407 meters  2016-07-26 06:24:50 2016-07-26 15:44:30 57595.46157     2 #CRD 
   1 OBJ1 14001M092         Z    0.00002    3908127.17313    0.00103    3908127.17311 meters  2016-07-26 06:24:50 2016-07-26 15:44:30 57595.46157     3 #CRD 
   1 REF1 14001M090         X    0.00119    4243518.20000    0.00041    4243518.19881 meters  2016-07-26 06:24:50 2016-07-26 15:44:30 57595.46157     4 #CRD 
   1 REF1 14001M090         Y    0.00171    2703302.02670    0.00029    2703302.02499 meters  2016-07-26 06:24:50 2016-07-26 15:44:30 57595.46157     5 #CRD 
   1 REF1 14001M090         Z   -0.00066    3908682.53772    0.00033    3908682.53838 meters  2016-07-26 06:24:50 2016-07-26 15:44:30 57595.46157     6 #CRD 
   1 REF2 REF2              X   -0.00148    4242829.72119    0.00042    4242829.72267 meters  2016-07-26 06:24:50 2016-07-26 15:44:30 57595.46157     7 #CRD 
   1 REF2 REF2              Y   -0.00223    2704599.89340    0.00027    2704599.89563 meters  2016-07-26 06:24:50 2016-07-26 15:44:30 57595.46157     8 #CRD 
   1 REF2 REF2              Z   -0.00241    3908471.96318    0.00033    3908471.96559 meters  2016-07-26 06:24:50 2016-07-26 15:44:30 57595.46157     9 #CRD 
   1 REF3 REF3              X   -0.00144    4243560.22072    0.00041    4243560.22216 meters  2016-07-26 06:24:50 2016-07-26 15:44:30 57595.46157    10 #CRD 
   1 REF3 REF3              Y   -0.00192    2704124.37826    0.00025    2704124.38018 meters  2016-07-26 06:24:50 2016-07-26 15:44:30 57595.46157    11 #CRD 
   1 REF3 REF3              Z   -0.00206    3908055.15874    0.00030    3908055.16080 meters  2016-07-26 06:24:50 2016-07-26 15:44:30 57595.46157    12 #CRD 
   1 REF4 REF4              X   -0.00016    4243857.45420    0.00042    4243857.45436 meters  2016-07-26 06:24:50 2016-07-26 15:44:30 57595.46157    13 #CRD 
   1 REF4 REF4              Y   -0.00050    2705157.21786    0.00033    2705157.21836 meters  2016-07-26 06:24:50 2016-07-26 15:44:30 57595.46157    14 #CRD 
   1 REF4 REF4              Z    0.00173    3906968.93647    0.00035    3906968.93474 meters  2016-07-26 06:24:50 2016-07-26 15:44:30 57595.46157    15 #CRD 
   1 REF5 14001M091         X    0.00088    4244172.14953    0.00042    4244172.14865 meters  2016-07-26 06:24:50 2016-07-26 15:44:30 57595.46157    16 #CRD 
   1 REF5 14001M091         Y    0.00148    2703935.77248    0.00026    2703935.77100 meters  2016-07-26 06:24:50 2016-07-26 15:44:30 57595.46157    17 #CRD 
   1 REF5 14001M091         Z    0.00146    3907567.35177    0.00032    3907567.35031 meters  2016-07-26 06:24:50 2016-07-26 15:44:30 57595.46157    18 #CRD 
   1 REF6 REF6              X    0.00105    4243885.68739    0.00040    4243885.68634 meters  2016-07-26 06:24:50 2016-07-26 15:44:30 57595.46157    19 #CRD 
   1 REF6 REF6              Y    0.00146    2703794.60289    0.00026    2703794.60143 meters  2016-07-26 06:24:50 2016-07-26 15:44:30 57595.46157    20 #CRD 
   1 REF6 REF6              Z    0.00192    3907970.26256    0.00029    3907970.26064 meters  2016-07-26 06:24:50 2016-07-26 15:44:30 57595.46157    21 #CRD 


 Site-specific troposphere parameters:
 ------------------------------------

 Station name         Typ     Correction  Estimated value  RMS error   A priori value Unit    From                To                  MJD           Num Abb  
 ------------------------------------------------------------------------------------------------------------------------------------------------------------
 OBJ1 14001M092         N       -0.62914         -0.62914    0.04969          0.00000 meters  2016-07-26 00:00:00                     57595.00000    22 #TRP 
 OBJ1 14001M092         E       -0.44083         -0.44083    0.05539          0.00000 meters  2016-07-26 00:00:00                     57595.00000    23 #TRP 
 OBJ1 14001M092         U       60.05204         62.05250    5.32981          2.00046 meters  2016-07-26 07:00:00                     57595.29167    24 #TRP 
 OBJ1 14001M092         U       55.31616         57.31663    5.07408          2.00046 meters  2016-07-26 08:00:00                     57595.33333    25 #TRP 
 OBJ1 14001M092         U       53.02051         55.02097    4.84800          2.00046 meters  2016-07-26 09:00:00                     57595.37500    26 #TRP 
 OBJ1 14001M092         U       48.57722         50.57768    4.63243          2.00046 meters  2016-07-26 10:00:00                     57595.41667    27 #TRP 
 OBJ1 14001M092         N        0.49246          0.49246    0.05875          0.00000 meters  2016-07-27 00:00:00                     57596.00000    28 #TRP 
 OBJ1 14001M092         E        0.28167          0.28167    0.06407          0.00000 meters  2016-07-27 00:00:00                     57596.00000    29 #TRP 
 REF1 14001M090         N       -0.62021         -0.62021    0.04949          0.00000 meters  2016-07-26 00:00:00                     57595.00000    30 #TRP 
 REF1 14001M090         E       -0.45295         -0.45295    0.05548          0.00000 meters  2016-07-26 00:00:00                     57595.00000    31 #TRP 
 REF1 14001M090         U       67.88301         69.88283    5.68659          1.99982 meters  2016-07-26 06:00:00                     57595.25000    32 #TRP 
 REF1 14001M090         U       60.06256         62.06238    5.32979          1.99982 meters  2016-07-26 07:00:00                     57595.29167    33 #TRP 
 REF1 14001M090         U       55.32178         57.32160    5.07407          1.99982 meters  2016-07-26 08:00:00                     57595.33333    34 #TRP 
 REF1 14001M090         U       53.03272         55.03254    4.84801          1.99982 meters  2016-07-26 09:00:00                     57595.37500    35 #TRP 
 REF1 14001M090         U       48.58284         50.58266    4.63246          1.99982 meters  2016-07-26 10:00:00                     57595.41667    36 #TRP 
 REF1 14001M090         U       42.87209         44.87191    4.47188          1.99982 meters  2016-07-26 11:00:00                     57595.45833    37 #TRP 
 REF1 14001M090         U       39.52392         41.52374    4.35502          1.99982 meters  2016-07-26 12:00:00                     57595.50000    38 #TRP 
 REF1 14001M090         U       33.81859         35.81840    4.28905          1.99982 meters  2016-07-26 13:00:00                     57595.54167    39 #TRP 
 REF1 14001M090         U       27.55412         29.55393    4.24679          1.99982 meters  2016-07-26 14:00:00                     57595.58333    40 #TRP 
 REF1 14001M090         U       25.55715         27.55696    4.29345          1.99982 meters  2016-07-26 15:00:00                     57595.62500    41 #TRP 
 REF1 14001M090         U       16.24019         18.24001    4.27992          1.99982 meters  2016-07-26 16:00:00                     57595.66667    42 #TRP 
 REF1 14001M090         N        0.49118          0.49118    0.05885          0.00000 meters  2016-07-27 00:00:00                     57596.00000    43 #TRP 
 REF1 14001M090         E        0.29118          0.29118    0.06400          0.00000 meters  2016-07-27 00:00:00                     57596.00000    44 #TRP 
 REF2 REF2              N       -0.62401         -0.62401    0.04954          0.00000 meters  2016-07-26 00:00:00                     57595.00000    45 #TRP 
 REF2 REF2              E       -0.43033         -0.43033    0.05523          0.00000 meters  2016-07-26 00:00:00                     57595.00000    46 #TRP 
 REF2 REF2              U       67.94735         69.95631    5.68654          2.00896 meters  2016-07-26 06:00:00                     57595.25000    47 #TRP 
 REF2 REF2              U       60.06398         62.07294    5.32986          2.00896 meters  2016-07-26 07:00:00                     57595.29167    48 #TRP 
 REF2 REF2              U       55.31812         57.32708    5.07414          2.00896 meters  2016-07-26 08:00:00                     57595.33333    49 #TRP 
 REF2 REF2              U       53.03250         55.04146    4.84805          2.00896 meters  2016-07-26 09:00:00                     57595.37500    50 #TRP 
 REF2 REF2              U       48.57939         50.58835    4.63249          2.00896 meters  2016-07-26 10:00:00                     57595.41667    51 #TRP 
 REF2 REF2              U       42.87352         44.88248    4.47192          2.00896 meters  2016-07-26 11:00:00                     57595.45833    52 #TRP 
 REF2 REF2              U       39.52205         41.53101    4.35506          2.00896 meters  2016-07-26 12:00:00                     57595.50000    53 #TRP 
 REF2 REF2              U       33.81295         35.82191    4.28911          2.00896 meters  2016-07-26 13:00:00                     57595.54167    54 #TRP 
 REF2 REF2              U       27.54598         29.55493    4.24683          2.00896 meters  2016-07-26 14:00:00                     57595.58333    55 #TRP 
 REF2 REF2              U       25.55235         27.56131    4.29351          2.00896 meters  2016-07-26 15:00:00                     57595.62500    56 #TRP 
 REF2 REF2              U       16.23658         18.24554    4.28001          2.00896 meters  2016-07-26 16:00:00                     57595.66667    57 #TRP 
 REF2 REF2              N        0.49041          0.49041    0.05882          0.00000 meters  2016-07-27 00:00:00                     57596.00000    58 #TRP 
 REF2 REF2              E        0.28889          0.28889    0.06410          0.00000 meters  2016-07-27 00:00:00                     57596.00000    59 #TRP 
 REF3 REF3              N       -0.63396         -0.63396    0.04971          0.00000 meters  2016-07-26 00:00:00                     57595.00000    60 #TRP 
 REF3 REF3              E       -0.44113         -0.44113    0.05535          0.00000 meters  2016-07-26 00:00:00                     57595.00000    61 #TRP 
 REF3 REF3              U       60.06522         62.06757    5.32982          2.00235 meters  2016-07-26 07:00:00                     57595.29167    62 #TRP 
 REF3 REF3              U       55.32110         57.32344    5.07409          2.00235 meters  2016-07-26 08:00:00                     57595.33333    63 #TRP 
 REF3 REF3              U       53.02893         55.03128    4.84801          2.00235 meters  2016-07-26 09:00:00                     57595.37500    64 #TRP 
 REF3 REF3              U       48.57926         50.58160    4.63244          2.00235 meters  2016-07-26 10:00:00                     57595.41667    65 #TRP 
 REF3 REF3              U       42.87487         44.87722    4.47188          2.00235 meters  2016-07-26 11:00:00                     57595.45833    66 #TRP 
 REF3 REF3              U       39.52128         41.52363    4.35501          2.00235 meters  2016-07-26 12:00:00                     57595.50000    67 #TRP 
 REF3 REF3              U       33.81603         35.81837    4.28904          2.00235 meters  2016-07-26 13:00:00                     57595.54167    68 #TRP 
 REF3 REF3              U       27.55628         29.55863    4.24679          2.00235 meters  2016-07-26 14:00:00                     57595.58333    69 #TRP 
 REF3 REF3              U       25.55571         27.55806    4.29343          2.00235 meters  2016-07-26 15:00:00                     57595.62500    70 #TRP 
 REF3 REF3              U       16.24033         18.24267    4.27992          2.00235 meters  2016-07-26 16:00:00                     57595.66667    71 #TRP 
 REF3 REF3              N        0.49384          0.49384    0.05872          0.00000 meters  2016-07-27 00:00:00                     57596.00000    72 #TRP 
 REF3 REF3              E        0.28813          0.28813    0.06403          0.00000 meters  2016-07-27 00:00:00                     57596.00000    73 #TRP 
 REF4 REF4              N       -0.65424         -0.65424    0.05014          0.00000 meters  2016-07-26 00:00:00                     57595.00000    74 #TRP 
 REF4 REF4              E       -0.42957         -0.42957    0.05521          0.00000 meters  2016-07-26 00:00:00                     57595.00000    75 #TRP 
 REF4 REF4              U       67.94306         69.95371    5.68676          2.01065 meters  2016-07-26 06:00:00                     57595.25000    76 #TRP 
 REF4 REF4              U       60.06310         62.07375    5.32990          2.01065 meters  2016-07-26 07:00:00                     57595.29167    77 #TRP 
 REF4 REF4              U       55.32239         57.33304    5.07414          2.01065 meters  2016-07-26 08:00:00                     57595.33333    78 #TRP 
 REF4 REF4              U       53.02869         55.03934    4.84805          2.01065 meters  2016-07-26 09:00:00                     57595.37500    79 #TRP 
 REF4 REF4              U       48.57888         50.58953    4.63246          2.01065 meters  2016-07-26 10:00:00                     57595.41667    80 #TRP 
 REF4 REF4              U       42.87259         44.88324    4.47190          2.01065 meters  2016-07-26 11:00:00                     57595.45833    81 #TRP 
 REF4 REF4              U       39.51785         41.52850    4.35502          2.01065 meters  2016-07-26 12:00:00                     57595.50000    82 #TRP 
 REF4 REF4              U       33.81216         35.82281    4.28907          2.01065 meters  2016-07-26 13:00:00                     57595.54167    83 #TRP 
 REF4 REF4              U       27.54798         29.55863    4.24681          2.01065 meters  2016-07-26 14:00:00                     57595.58333    84 #TRP 
 REF4 REF4              U       25.55119         27.56184    4.29342          2.01065 meters  2016-07-26 15:00:00                     57595.62500    85 #TRP 
 REF4 REF4              U       16.22815         18.23880    4.27988          2.01065 meters  2016-07-26 16:00:00                     57595.66667    86 #TRP 
 REF4 REF4              N        0.49710          0.49710    0.05851          0.00000 meters  2016-07-27 00:00:00                     57596.00000    87 #TRP 
 REF4 REF4              E        0.28581          0.28581    0.06407          0.00000 meters  2016-07-27 00:00:00                     57596.00000    88 #TRP 
 REF5 14001M091         N       -0.64426         -0.64426    0.04991          0.00000 meters  2016-07-26 00:00:00                     57595.00000    89 #TRP 
 REF5 14001M091         E       -0.45043         -0.45043    0.05543          0.00000 meters  2016-07-26 00:00:00                     57595.00000    90 #TRP 
 REF5 14001M091         U       60.06068         62.05666    5.32978          1.99598 meters  2016-07-26 07:00:00                     57595.29167    91 #TRP 
 REF5 14001M091         U       55.31632         57.31229    5.07405          1.99598 meters  2016-07-26 08:00:00                     57595.33333    92 #TRP 
 REF5 14001M091         U       53.02866         55.02464    4.84798          1.99598 meters  2016-07-26 09:00:00                     57595.37500    93 #TRP 
 REF5 14001M091         U       48.58031         50.57629    4.63238          1.99598 meters  2016-07-26 10:00:00                     57595.41667    94 #TRP 
 REF5 14001M091         U       42.87138         44.86735    4.47183          1.99598 meters  2016-07-26 11:00:00                     57595.45833    95 #TRP 
 REF5 14001M091         U       39.51476         41.51074    4.35495          1.99598 meters  2016-07-26 12:00:00                     57595.50000    96 #TRP 
 REF5 14001M091         U       33.81568         35.81165    4.28898          1.99597 meters  2016-07-26 13:00:00                     57595.54167    97 #TRP 
 REF5 14001M091         U       27.54642         29.54240    4.24675          1.99597 meters  2016-07-26 14:00:00                     57595.58333    98 #TRP 
 REF5 14001M091         U       25.55491         27.55089    4.29334          1.99597 meters  2016-07-26 15:00:00                     57595.62500    99 #TRP 
 REF5 14001M091         U       16.22867         18.22465    4.27986          1.99597 meters  2016-07-26 16:00:00                     57595.66667   100 #TRP 
 REF5 14001M091         N        0.49562          0.49562    0.05860          0.00000 meters  2016-07-27 00:00:00                     57596.00000   101 #TRP 
 REF5 14001M091         E        0.29098          0.29098    0.06400          0.00000 meters  2016-07-27 00:00:00                     57596.00000   102 #TRP 
 REF6 REF6              N       -0.63492         -0.63492    0.04975          0.00000 meters  2016-07-26 00:00:00                     57595.00000   103 #TRP 
 REF6 REF6              E       -0.44845         -0.44845    0.05543          0.00000 meters  2016-07-26 00:00:00                     57595.00000   104 #TRP 
 REF6 REF6              U       67.93073         69.92718    5.68661          1.99645 meters  2016-07-26 06:00:00                     57595.25000   105 #TRP 
 REF6 REF6              U       60.06100         62.05745    5.32979          1.99645 meters  2016-07-26 07:00:00                     57595.29167   106 #TRP 
 REF6 REF6              U       55.31912         57.31556    5.07406          1.99645 meters  2016-07-26 08:00:00                     57595.33333   107 #TRP 
 REF6 REF6              U       53.02976         55.02620    4.84798          1.99645 meters  2016-07-26 09:00:00                     57595.37500   108 #TRP 
 REF6 REF6              U       48.58109         50.57754    4.63241          1.99645 meters  2016-07-26 10:00:00                     57595.41667   109 #TRP 
 REF6 REF6              U       42.87407         44.87052    4.47185          1.99645 meters  2016-07-26 11:00:00                     57595.45833   110 #TRP 
 REF6 REF6              U       39.51843         41.51488    4.35497          1.99645 meters  2016-07-26 12:00:00                     57595.50000   111 #TRP 
 REF6 REF6              U       33.81749         35.81394    4.28900          1.99645 meters  2016-07-26 13:00:00                     57595.54167   112 #TRP 
 REF6 REF6              U       27.55067         29.54712    4.24676          1.99645 meters  2016-07-26 14:00:00                     57595.58333   113 #TRP 
 REF6 REF6              U       25.55320         27.54964    4.29338          1.99645 meters  2016-07-26 15:00:00                     57595.62500   114 #TRP 
 REF6 REF6              U       16.23085         18.22730    4.27987          1.99645 meters  2016-07-26 16:00:00                     57595.66667   115 #TRP 
 REF6 REF6              N        0.49339          0.49339    0.05869          0.00000 meters  2016-07-27 00:00:00                     57596.00000   116 #TRP 
 REF6 REF6              E        0.29002          0.29002    0.06401          0.00000 meters  2016-07-27 00:00:00                     57596.00000   117 #TRP 


 Station coordinates and velocities:
 ----------------------------------
 Reference epoch: 2016-07-26 12:00:00

 Station name          Typ   A priori value  Estimated value    Correction     RMS error      3-D ellipsoid        2-D ellipse
 ------------------------------------------------------------------------------------------------------------------------------------
 OBJ1 14001M092        X      4243567.00434    4243567.00431      -0.00003       0.00172
                       Y      2704027.40407    2704027.40407       0.00000       0.00088
                       Z      3908127.17311    3908127.17313       0.00002       0.00103

                       U         1204.57959       1204.57958      -0.00001       0.00180     0.00191   22.8
                       N         38.0221973       38.0221973       0.00003       0.00053     0.00042  164.3     0.00042  162.7
                       E         32.5055418       32.5055418       0.00001       0.00111     0.00097    1.9     0.00116

 REF1 14001M090        X      4243518.19881    4243518.20000       0.00119       0.00041
                       Y      2703302.02499    2703302.02670       0.00171       0.00029
                       Z      3908682.53838    3908682.53772      -0.00066       0.00033

                       U         1207.22980       1207.23090       0.00111       0.00051     0.00052    7.5
                       N         38.0285290       38.0285290      -0.00171       0.00021     0.00019   29.9     0.00020   25.4
                       E         32.4988742       32.4988742       0.00081       0.00024     0.00024   -3.5     0.00024

 REF2 REF2             X      4242829.72267    4242829.72119      -0.00148       0.00042
                       Y      2704599.89563    2704599.89340      -0.00223       0.00027
                       Z      3908471.96559    3908471.96318      -0.00241       0.00033

                       U         1169.57289       1169.56948      -0.00342       0.00051     0.00051    5.5
                       N         38.0263864       38.0263864      -0.00039       0.00018     0.00014  151.1     0.00014  150.8
                       E         32.5155513       32.5155513      -0.00108       0.00025     0.00027    1.0     0.00028

 REF3 REF3             X      4243560.22216    4243560.22072      -0.00144       0.00041
                       Y      2704124.38018    2704124.37826      -0.00192       0.00025
                       Z      3908055.16080    3908055.15874      -0.00206       0.00030

                       U         1196.77102       1196.76799      -0.00304       0.00051     0.00051    8.3
                       N         38.0214288       38.0214288      -0.00024       0.00015     0.00013  162.7     0.00014  159.5
                       E         32.5065145       32.5065145      -0.00084       0.00021     0.00021    3.2     0.00022

 REF4 REF4             X      4243857.45436    4243857.45420      -0.00016       0.00042
                       Y      2705157.21836    2705157.21786      -0.00050       0.00033
                       Z      3906968.93474    3906968.93647       0.00173       0.00035

                       U         1162.60731       1162.60806       0.00075       0.00053     0.00053    7.8
                       N         38.0092504       38.0092504       0.00162       0.00027     0.00020   51.6     0.00021   53.3
                       E         32.5146123       32.5146123      -0.00034       0.00025     0.00030    2.4     0.00030

 REF5 14001M091        X      4244172.14865    4244172.14953       0.00088       0.00042
                       Y      2703935.77100    2703935.77248       0.00148       0.00026
                       Z      3907567.35031    3907567.35177       0.00146       0.00032

                       U         1223.04329       1223.04540       0.00211       0.00052     0.00052    6.1
                       N         38.0156664       38.0156664       0.00021       0.00016     0.00014  154.1     0.00014  153.3
                       E         32.5009594       32.5009594       0.00078       0.00022     0.00024    1.4     0.00024

 REF6 REF6             X      4243885.68634    4243885.68739       0.00105       0.00040
                       Y      2703794.60143    2703794.60289       0.00146       0.00026
                       Z      3907970.26064    3907970.26256       0.00192       0.00029

                       U         1221.10696       1221.10946       0.00250       0.00049     0.00050    8.4
                       N         38.0202867       38.0202867       0.00049       0.00014     0.00013  165.7     0.00013  162.8
                       E         32.5013563       32.5013564       0.00067       0.00022     0.00022    3.8     0.00023



 Troposphere parameters:
 -----------------------

 Reference elevation angle of gradient terms :   45.0 degrees
 Minimum elevation angle                     :      5 degrees
 Mapping factor at minimum elevation angle   :   11.4

                         Corrections (m)             RMS errors (m)             Zenith vector (")         Error ellipse (m)   
 Station name        North    East    Zenith     North    East    Zenith     Angle   RMS   Ratio  Azi   Max RMS  Min RMS  Azi 
 ----------------------------------------------------------------------------------------------------------------------------
 OBJ1 14001M092    -0.30201 -0.23010 60.05204   0.02169  0.02331  5.32981                               0.02385  0.02109   63 
 OBJ1 14001M092    -0.25528 -0.19999 55.31616   0.01840  0.01931  5.07408                               0.01989  0.01776   58 
 OBJ1 14001M092    -0.20854 -0.16989 53.02051   0.01566  0.01580  4.84800                               0.01654  0.01487   47 
 OBJ1 14001M092    -0.16181 -0.13979 48.57722   0.01378  0.01319  4.63243                               0.01426  0.01267   34 
 REF1 14001M090    -0.34236 -0.26692 67.88301   0.02520  0.02767  5.68659                               0.02819  0.02463   67 
 REF1 14001M090    -0.29605 -0.23591 60.06256   0.02161  0.02338  5.32979                               0.02389  0.02105   64 
 REF1 14001M090    -0.24974 -0.20491 55.32178   0.01835  0.01937  5.07407                               0.01991  0.01777   59 
 REF1 14001M090    -0.20344 -0.17390 53.03272   0.01566  0.01585  4.84801                               0.01654  0.01493   49 
 REF1 14001M090    -0.15713 -0.14290 48.58284   0.01384  0.01322  4.63246                               0.01428  0.01276   33 
 REF1 14001M090    -0.11082 -0.11189 42.87209   0.01328  0.01208  4.47188                               0.01354  0.01179   23 
 REF1 14001M090    -0.06451 -0.08089 39.52392   0.01413  0.01283  4.35502                               0.01438  0.01255   23 
 REF1 14001M090    -0.01821 -0.04988 33.81859   0.01615  0.01519  4.28905                               0.01652  0.01479   28 
 REF1 14001M090     0.02810 -0.01888 27.55412   0.01899  0.01856  4.24679                               0.01963  0.01789   38 
 REF1 14001M090     0.07441  0.01213 25.55715   0.02233  0.02249  4.29345                               0.02339  0.02139   47 
 REF1 14001M090     0.12072  0.04314 16.24019   0.02598  0.02673  4.27992                               0.02755  0.02511   54 
 REF2 REF2         -0.34541 -0.25053 67.94735   0.02523  0.02749  5.68654                               0.02799  0.02468   67 
 REF2 REF2         -0.29897 -0.22056 60.06398   0.02162  0.02322  5.32986                               0.02372  0.02108   64 
 REF2 REF2         -0.25254 -0.19059 55.31812   0.01836  0.01924  5.07414                               0.01980  0.01776   58 
 REF2 REF2         -0.20610 -0.16063 53.03250   0.01565  0.01576  4.84805                               0.01651  0.01486   47 
 REF2 REF2         -0.15967 -0.13066 48.57939   0.01382  0.01319  4.63249                               0.01432  0.01265   34 
 REF2 REF2         -0.11324 -0.10069 42.87352   0.01324  0.01213  4.47192                               0.01362  0.01170   27 
 REF2 REF2         -0.06680 -0.07072 39.52205   0.01407  0.01294  4.35506                               0.01449  0.01247   28 
 REF2 REF2         -0.02037 -0.04076 33.81295   0.01610  0.01534  4.28911                               0.01669  0.01469   34 
 REF2 REF2          0.02607 -0.01079 27.54598   0.01893  0.01872  4.24683                               0.01985  0.01775   42 
 REF2 REF2          0.07250  0.01918 25.55235   0.02228  0.02265  4.29351                               0.02364  0.02122   49 
 REF2 REF2          0.11894  0.04915 16.23658   0.02593  0.02689  4.28001                               0.02781  0.02493   55 
 REF3 REF3         -0.30502 -0.22843 60.06522   0.02170  0.02330  5.32982                               0.02384  0.02110   63 
 REF3 REF3         -0.25802 -0.19804 55.32110   0.01841  0.01930  5.07409                               0.01989  0.01777   57 
 REF3 REF3         -0.21103 -0.16766 53.02893   0.01566  0.01580  4.84801                               0.01654  0.01487   47 
 REF3 REF3         -0.16404 -0.13727 48.57926   0.01378  0.01319  4.63244                               0.01426  0.01267   34 
 REF3 REF3         -0.11705 -0.10689 42.87487   0.01315  0.01209  4.47188                               0.01348  0.01172   26 
 REF3 REF3         -0.07006 -0.07650 39.52128   0.01394  0.01287  4.35501                               0.01428  0.01249   27 
 REF3 REF3         -0.02307 -0.04612 33.81603   0.01595  0.01525  4.28904                               0.01644  0.01472   33 
 REF3 REF3          0.02393 -0.01573 27.55628   0.01878  0.01863  4.24679                               0.01959  0.01777   43 
 REF3 REF3          0.07092  0.01466 25.55571   0.02212  0.02256  4.29343                               0.02339  0.02124   51 
 REF3 REF3          0.11791  0.04504 16.24033   0.02578  0.02680  4.27992                               0.02758  0.02494   56 
 REF4 REF4         -0.36641 -0.25072 67.94306   0.02559  0.02749  5.68676                               0.02812  0.02490   63 
 REF4 REF4         -0.31843 -0.22092 60.06310   0.02192  0.02322  5.32990                               0.02384  0.02124   60 
 REF4 REF4         -0.27046 -0.19111 55.32239   0.01856  0.01923  5.07414                               0.01991  0.01784   54 
 REF4 REF4         -0.22249 -0.16130 53.02869   0.01572  0.01575  4.84805                               0.01657  0.01486   45 
 REF4 REF4         -0.17452 -0.13149 48.57888   0.01373  0.01318  4.63246                               0.01425  0.01262   35 
 REF4 REF4         -0.12654 -0.10169 42.87259   0.01298  0.01211  4.47190                               0.01337  0.01168   30 
 REF4 REF4         -0.07857 -0.07188 39.51785   0.01368  0.01293  4.35502                               0.01411  0.01245   32 
 REF4 REF4         -0.03060 -0.04207 33.81216   0.01563  0.01532  4.28907                               0.01628  0.01463   40 
 REF4 REF4          0.01737 -0.01226 27.54798   0.01844  0.01870  4.24681                               0.01948  0.01762   49 
 REF4 REF4          0.06535  0.01754 25.55119   0.02179  0.02263  4.29342                               0.02333  0.02103   56 
 REF4 REF4          0.11332  0.04735 16.22815   0.02545  0.02687  4.27988                               0.02755  0.02471   60 
 REF5 14001M091    -0.31180 -0.23419 60.06068   0.02180  0.02335  5.32978                               0.02396  0.02112   62 
 REF5 14001M091    -0.26430 -0.20330 55.31632   0.01847  0.01934  5.07405                               0.01999  0.01777   57 
 REF5 14001M091    -0.21681 -0.17240 53.02866   0.01568  0.01583  4.84798                               0.01660  0.01486   47 
 REF5 14001M091    -0.16931 -0.14151 48.58031   0.01375  0.01321  4.63238                               0.01424  0.01267   35 
 REF5 14001M091    -0.12182 -0.11062 42.87138   0.01306  0.01208  4.47183                               0.01337  0.01173   27 
 REF5 14001M091    -0.07432 -0.07973 39.51476   0.01381  0.01284  4.35495                               0.01411  0.01250   27 
 REF5 14001M091    -0.02683 -0.04884 33.81568   0.01579  0.01521  4.28898                               0.01624  0.01472   34 
 REF5 14001M091     0.02067 -0.01794 27.54642   0.01861  0.01858  4.24675                               0.01939  0.01776   44 
 REF5 14001M091     0.06816  0.01295 25.55491   0.02195  0.02251  4.29334                               0.02321  0.02121   53 
 REF5 14001M091     0.11566  0.04384 16.22867   0.02561  0.02675  4.27986                               0.02742  0.02489   58 
 REF6 REF6         -0.35284 -0.26383 67.93073   0.02535  0.02763  5.68661                               0.02821  0.02471   65 
 REF6 REF6         -0.30583 -0.23306 60.06100   0.02172  0.02335  5.32979                               0.02392  0.02109   63 
 REF6 REF6         -0.25882 -0.20229 55.31912   0.01842  0.01934  5.07406                               0.01994  0.01777   58 
 REF6 REF6         -0.21180 -0.17152 53.02976   0.01566  0.01583  4.84798                               0.01657  0.01488   48 
 REF6 REF6         -0.16479 -0.14075 48.58109   0.01377  0.01321  4.63241                               0.01425  0.01269   34 
 REF6 REF6         -0.11778 -0.10998 42.87407   0.01313  0.01208  4.47185                               0.01343  0.01174   26 
 REF6 REF6         -0.07077 -0.07921 39.51843   0.01391  0.01284  4.35497                               0.01421  0.01251   25 
 REF6 REF6         -0.02375 -0.04845 33.81749   0.01591  0.01521  4.28900                               0.01635  0.01474   32 
 REF6 REF6          0.02326 -0.01768 27.55067   0.01874  0.01858  4.24676                               0.01948  0.01780   42 
 REF6 REF6          0.07027  0.01309 25.55320   0.02208  0.02251  4.29338                               0.02328  0.02127   51 
 REF6 REF6          0.11729  0.04386 16.23085   0.02574  0.02675  4.27987                               0.02748  0.02496   57 


-----------------------------------------------------------------
>>> CPU/Real time for pgm "ADDNEQ2": 0:00:00.000 / 0:00:00.169
>>> Program finished successfully

