 Degree of freedom (DOF)                     246994
 A posteriori RMS of unit weight            0.00143 m

 Station coordinates and velocities:
 ----------------------------------
 Reference epoch: 2016-07-27

 Station name          Typ  Estimated value  RMS error
 -----------------------------------------------------
 OBJ1                  X      4243567.00966    0.00104
                       Y      2704027.40129    0.00082
                       Z      3908127.17277    0.00089

                       U         1204.58174    0.00152
                       N         38.0221972    0.00039
                       E         32.5055417    0.00033

 REF1                  X      4243518.19917    0.00034
                       Y      2703302.02720    0.00028
                       Z      3908682.53788    0.00032

                       U         1207.23067    0.00048
                       N         38.0285290    0.00020
                       E         32.4988742    0.00016

 REF2                  X      4242829.72039    0.00035
                       Y      2704599.89391    0.00027
                       Z      3908471.96331    0.00032

                       U         1169.56925    0.00049
                       N         38.0263864    0.00017
                       E         32.5155513    0.00018

 REF3                  X      4243560.21989    0.00034
                       Y      2704124.37873    0.00025
                       Z      3908055.15883    0.00029

                       U         1196.76769    0.00048
                       N         38.0214288    0.00014
                       E         32.5065145    0.00011

 REF4                  X      4243857.45330    0.00036
                       Y      2705157.21831    0.00032
                       Z      3906968.93643    0.00035

                       U         1162.60763    0.00051
                       N         38.0092504    0.00026
                       E         32.5146123    0.00017

 REF5                  X      4244172.14845    0.00034
                       Y      2703935.77289    0.00025
                       Z      3907567.35174    0.00031

                       U         1223.04483    0.00048
                       N         38.0156664    0.00015
                       E         32.5009594    0.00013

 REF6                  X      4243885.68648    0.00033
                       Y      2703794.60332    0.00025
                       Z      3907970.26261    0.00028

                       U         1221.10906    0.00047
                       N         38.0202867    0.00013
                       E         32.5013564    0.00013



 Troposphere parameters:
