 Degree of freedom (DOF)                     245366
 A posteriori RMS of unit weight            0.00143 m

 Station coordinates and velocities:
 ----------------------------------
 Reference epoch: 2016-07-26

 Station name          Typ  Estimated value  RMS error
 -----------------------------------------------------
 OBJ1                  X      4243567.00431    0.00172
                       Y      2704027.40407    0.00088
                       Z      3908127.17313    0.00103

                                    0.00000    0.00000
                                 00.0000000    0.00000
                                 00.0000000    0.00000

 REF1                  X      4243518.20000    0.00041
                       Y      2703302.02670    0.00029
                       Z      3908682.53772    0.00033

                                    0.00000    0.00000
                                 00.0000000    0.00000
                                 00.0000000    0.00000

 REF2                  X      4242829.72119    0.00042
                       Y      2704599.89340    0.00027
                       Z      3908471.96318    0.00033

                                    0.00000    0.00000
                                 00.0000000    0.00000
                                 00.0000000    0.00000

 REF3                  X      4243560.22072    0.00041
                       Y      2704124.37826    0.00025
                       Z      3908055.15874    0.00030

                                    0.00000    0.00000
                                 00.0000000    0.00000
                                 00.0000000    0.00000

 REF4                  X      4243857.45420    0.00042
                       Y      2705157.21786    0.00033
                       Z      3906968.93647    0.00035

                                    0.00000    0.00000
                                 00.0000000    0.00000
                                 00.0000000    0.00000

 REF5                  X      4244172.14953    0.00042
                       Y      2703935.77248    0.00026
                       Z      3907567.35177    0.00032

                                    0.00000    0.00000
                                 00.0000000    0.00000
                                 00.0000000    0.00000

 REF6                  X      4243885.68739    0.00040
                       Y      2703794.60289    0.00026
                       Z      3907970.26256    0.00029

                                    0.00000    0.00000
                                 00.0000000    0.00000
                                 00.0000000    0.00000



 Troposphere parameters:
