 Degree of freedom (DOF)                     246994
 A posteriori RMS of unit weight            0.00143 m

 Station coordinates and velocities:
 ----------------------------------
 Reference epoch: 2016-07-27

 Station name          Typ  Estimated value  RMS error
 -----------------------------------------------------
 OBJ1                  X      4243567.00966    0.00104
                       Y      2704027.40129    0.00082
                       Z      3908127.17277    0.00089

                                    0.00000    0.00000
                                 00.0000000    0.00000
                                 00.0000000    0.00000

 REF1                  X      4243518.19917    0.00034
                       Y      2703302.02720    0.00028
                       Z      3908682.53788    0.00032

                                    0.00000    0.00000
                                 00.0000000    0.00000
                                 00.0000000    0.00000

 REF2                  X      4242829.72039    0.00035
                       Y      2704599.89391    0.00027
                       Z      3908471.96331    0.00032

                                    0.00000    0.00000
                                 00.0000000    0.00000
                                 00.0000000    0.00000

 REF3                  X      4243560.21989    0.00034
                       Y      2704124.37873    0.00025
                       Z      3908055.15883    0.00029

                                    0.00000    0.00000
                                 00.0000000    0.00000
                                 00.0000000    0.00000

 REF4                  X      4243857.45330    0.00036
                       Y      2705157.21831    0.00032
                       Z      3906968.93643    0.00035

                                    0.00000    0.00000
                                 00.0000000    0.00000
                                 00.0000000    0.00000

 REF5                  X      4244172.14845    0.00034
                       Y      2703935.77289    0.00025
                       Z      3907567.35174    0.00031

                                    0.00000    0.00000
                                 00.0000000    0.00000
                                 00.0000000    0.00000

 REF6                  X      4243885.68648    0.00033
                       Y      2703794.60332    0.00025
                       Z      3907970.26261    0.00028

                                    0.00000    0.00000
                                 00.0000000    0.00000
                                 00.0000000    0.00000



 Troposphere parameters:
